\BOOKMARK [0][-]{chapter*.1}{\376\377\000P\000r\000e\000f\000a\000c\000i\000o}{}% 1
\BOOKMARK [0][-]{chapter.1}{\376\377\000Z\000a\000m\000b\000a\000s}{}% 2
\BOOKMARK [1][-]{song1-1.1}{\376\377\0001\000.\000\040\000A\000g\000i\000t\000a\000n\000d\000o\000\040\000P\000a\000\361\000u\000e\000l\000o\000s}{chapter.1}% 4
\BOOKMARK [1][-]{section*.3}{\376\377\000A\000g\000i\000t\000a\000n\000d\000o\000\040\000P\000a\000\361\000u\000e\000l\000o\000s}{chapter.1}% 3
\BOOKMARK [1][-]{song1-2.1}{\376\377\0002\000.\000\040\000A\000l\000\040\000J\000a\000r\000d\000\355\000n\000\040\000D\000e\000\040\000L\000a\000\040\000R\000e\000p\000\372\000b\000l\000i\000c\000a}{chapter.1}% 6
\BOOKMARK [1][-]{section*.4}{\376\377\000A\000l\000\040\000J\000a\000r\000d\000\355\000n\000\040\000D\000e\000\040\000L\000a\000\040\000R\000e\000p\000\372\000b\000l\000i\000c\000a}{chapter.1}% 5
\BOOKMARK [1][-]{song1-3.1}{\376\377\0003\000.\000\040\000D\000e\000\040\000M\000i\000\040\000M\000a\000d\000r\000e}{chapter.1}% 8
\BOOKMARK [1][-]{section*.5}{\376\377\000D\000e\000\040\000M\000i\000\040\000M\000a\000d\000r\000e}{chapter.1}% 7
\BOOKMARK [1][-]{song1-4.1}{\376\377\0004\000.\000\040\000L\000a\000\040\000P\000o\000m\000e\000\361\000a}{chapter.1}% 10
\BOOKMARK [1][-]{section*.6}{\376\377\000L\000a\000\040\000P\000o\000m\000e\000\361\000a}{chapter.1}% 9
\BOOKMARK [1][-]{song1-5.1}{\376\377\0005\000.\000\040\000L\000a\000\040\000T\000e\000m\000p\000r\000a\000n\000e\000r\000a}{chapter.1}% 12
\BOOKMARK [1][-]{section*.7}{\376\377\000L\000a\000\040\000T\000e\000m\000p\000r\000a\000n\000e\000r\000a}{chapter.1}% 11
\BOOKMARK [1][-]{song1-6.1}{\376\377\0006\000.\000\040\000L\000a\000\040\000V\000i\000a\000j\000e\000r\000i\000t\000a}{chapter.1}% 14
\BOOKMARK [1][-]{section*.8}{\376\377\000L\000a\000\040\000V\000i\000a\000j\000e\000r\000i\000t\000a}{chapter.1}% 13
\BOOKMARK [1][-]{song1-7.1}{\376\377\0007\000.\000\040\000L\000u\000n\000a\000\040\000T\000u\000c\000u\000m\000a\000n\000a}{chapter.1}% 16
\BOOKMARK [1][-]{section*.9}{\376\377\000L\000u\000n\000a\000\040\000T\000u\000c\000u\000m\000a\000n\000a}{chapter.1}% 15
\BOOKMARK [1][-]{song1-8.1}{\376\377\0008\000.\000\040\000S\000a\000l\000t\000i\000t\000a}{chapter.1}% 18
\BOOKMARK [1][-]{section*.10}{\376\377\000S\000a\000l\000t\000i\000t\000a}{chapter.1}% 17
\BOOKMARK [1][-]{song1-9.1}{\376\377\0009\000.\000\040\000Z\000a\000m\000b\000a\000\040\000D\000e\000l\000\040\000L\000a\000u\000r\000e\000l}{chapter.1}% 20
\BOOKMARK [1][-]{section*.11}{\376\377\000Z\000a\000m\000b\000a\000\040\000D\000e\000l\000\040\000L\000a\000u\000r\000e\000l}{chapter.1}% 19
\BOOKMARK [1][-]{song1-10.1}{\376\377\0001\0000\000.\000\040\000Z\000a\000m\000b\000a\000\040\000P\000o\000r\000\040\000V\000o\000s}{chapter.1}% 22
\BOOKMARK [1][-]{section*.12}{\376\377\000Z\000a\000m\000b\000a\000\040\000P\000o\000r\000\040\000V\000o\000s}{chapter.1}% 21
\BOOKMARK [0][-]{chapter.2}{\376\377\000C\000h\000a\000c\000a\000r\000e\000r\000a\000s}{}% 23
\BOOKMARK [1][-]{song2-1.1}{\376\377\0001\000.\000\040\000C\000h\000a\000c\000a\000r\000e\000r\000a\000\040\000D\000e\000\040\000U\000n\000\040\000T\000r\000i\000s\000t\000e}{chapter.2}% 25
\BOOKMARK [1][-]{section*.13}{\376\377\000C\000h\000a\000c\000a\000r\000e\000r\000a\000\040\000D\000e\000\040\000U\000n\000\040\000T\000r\000i\000s\000t\000e}{chapter.2}% 24
\BOOKMARK [1][-]{song2-2.1}{\376\377\0002\000.\000\040\000S\000a\000l\000a\000m\000a\000n\000q\000u\000e\000a\000n\000d\000o\000\040\000P\000a\000'\000\040\000M\000i}{chapter.2}% 27
\BOOKMARK [1][-]{section*.14}{\376\377\000S\000a\000l\000a\000m\000a\000n\000q\000u\000e\000a\000n\000d\000o\000\040\000P\000a\000'\000\040\000M\000i}{chapter.2}% 26
